[2026-03-14T23:24:45.5619607+02:00] System.InvalidOperationException: Invoke or BeginInvoke cannot be called on a control until the window handle has been created.
   at System.Windows.Forms.Control.MarshaledInvoke(Control caller, Delegate method, Object[] args, Boolean synchronous)
   at System.Windows.Forms.Control.Invoke(Delegate method)
   at SmartGreenhouse.UI.Forms.FormDashboard.<SetupEventHandlers>b__20_0(Object s, EventArgs e) in C:\UTCN\Anul3Sem2\II\SmartGreenhouse\SmartGreenhouse.UI\Forms\FormDashboard.cs:line 381
   at SmartGreenhouse.BLL.Simulation.SensorSimulator.StartSimulation() in C:\UTCN\Anul3Sem2\II\SmartGreenhouse\SmartGreenhouse.BLL\Services\SensorSimulator.cs:line 65
   at SmartGreenhouse.UI.Forms.FormDashboard.StartSimulation() in C:\UTCN\Anul3Sem2\II\SmartGreenhouse\SmartGreenhouse.UI\Forms\FormDashboard.cs:line 672
   at SmartGreenhouse.UI.Forms.FormDashboard..ctor(User user) in C:\UTCN\Anul3Sem2\II\SmartGreenhouse\SmartGreenhouse.UI\Forms\FormDashboard.cs:line 51
[2026-03-14T23:26:36.7886607+02:00] System.InvalidOperationException: Invoke or BeginInvoke cannot be called on a control until the window handle has been created.
   at System.Windows.Forms.Control.MarshaledInvoke(Control caller, Delegate method, Object[] args, Boolean synchronous)
   at System.Windows.Forms.Control.Invoke(Delegate method)
   at SmartGreenhouse.UI.Forms.FormDashboard.<SetupEventHandlers>b__20_0(Object s, EventArgs e) in C:\UTCN\Anul3Sem2\II\SmartGreenhouse\SmartGreenhouse.UI\Forms\FormDashboard.cs:line 381
   at SmartGreenhouse.BLL.Simulation.SensorSimulator.StartSimulation() in C:\UTCN\Anul3Sem2\II\SmartGreenhouse\SmartGreenhouse.BLL\Services\SensorSimulator.cs:line 65
   at SmartGreenhouse.UI.Forms.FormDashboard.StartSimulation() in C:\UTCN\Anul3Sem2\II\SmartGreenhouse\SmartGreenhouse.UI\Forms\FormDashboard.cs:line 672
   at SmartGreenhouse.UI.Forms.FormDashboard..ctor(User user) in C:\UTCN\Anul3Sem2\II\SmartGreenhouse\SmartGreenhouse.UI\Forms\FormDashboard.cs:line 51
[2026-03-14T23:29:02.2780796+02:00] System.InvalidOperationException: Invoke or BeginInvoke cannot be called on a control until the window handle has been created.
   at System.Windows.Forms.Control.MarshaledInvoke(Control caller, Delegate method, Object[] args, Boolean synchronous)
   at System.Windows.Forms.Control.Invoke(Delegate method)
   at SmartGreenhouse.UI.Forms.FormDashboard.<SetupEventHandlers>b__20_0(Object s, EventArgs e) in C:\UTCN\Anul3Sem2\II\SmartGreenhouse\SmartGreenhouse.UI\Forms\FormDashboard.cs:line 381
   at SmartGreenhouse.BLL.Simulation.SensorSimulator.StartSimulation() in C:\UTCN\Anul3Sem2\II\SmartGreenhouse\SmartGreenhouse.BLL\Services\SensorSimulator.cs:line 65
   at SmartGreenhouse.UI.Forms.FormDashboard.StartSimulation() in C:\UTCN\Anul3Sem2\II\SmartGreenhouse\SmartGreenhouse.UI\Forms\FormDashboard.cs:line 672
   at SmartGreenhouse.UI.Forms.FormDashboard..ctor(User user) in C:\UTCN\Anul3Sem2\II\SmartGreenhouse\SmartGreenhouse.UI\Forms\FormDashboard.cs:line 51
[2026-03-14T23:30:57.0989960+02:00] System.InvalidOperationException: Invoke or BeginInvoke cannot be called on a control until the window handle has been created.
   at System.Windows.Forms.Control.MarshaledInvoke(Control caller, Delegate method, Object[] args, Boolean synchronous)
   at System.Windows.Forms.Control.Invoke(Delegate method)
   at SmartGreenhouse.UI.Forms.FormDashboard.<SetupEventHandlers>b__20_0(Object s, EventArgs e) in C:\UTCN\Anul3Sem2\II\SmartGreenhouse\SmartGreenhouse.UI\Forms\FormDashboard.cs:line 381
   at SmartGreenhouse.BLL.Simulation.SensorSimulator.StartSimulation() in C:\UTCN\Anul3Sem2\II\SmartGreenhouse\SmartGreenhouse.BLL\Services\SensorSimulator.cs:line 65
   at SmartGreenhouse.UI.Forms.FormDashboard.StartSimulation() in C:\UTCN\Anul3Sem2\II\SmartGreenhouse\SmartGreenhouse.UI\Forms\FormDashboard.cs:line 672
   at SmartGreenhouse.UI.Forms.FormDashboard..ctor(User user) in C:\UTCN\Anul3Sem2\II\SmartGreenhouse\SmartGreenhouse.UI\Forms\FormDashboard.cs:line 51
